2020-12-16 14:48:32,434 __main__ DEBUG debug message
2020-12-16 14:48:32,435 __main__ INFO informational message
2020-12-16 14:48:32,435 __main__ WARNING warning
2020-12-16 14:48:32,435 __main__ ERROR error message
2020-12-16 14:48:32,435 __main__ CRITICAL critical failure
2020-12-16 14:48:33,438 __main__ DEBUG debug message
2020-12-16 14:48:33,438 __main__ INFO informational message
2020-12-16 14:48:33,439 __main__ WARNING warning
2020-12-16 14:48:33,439 __main__ ERROR error message
2020-12-16 14:48:33,439 __main__ CRITICAL critical failure
2020-12-16 14:48:34,444 __main__ DEBUG debug message
2020-12-16 14:48:34,444 __main__ INFO informational message
2020-12-16 14:48:34,445 __main__ WARNING warning
2020-12-16 14:48:34,445 __main__ ERROR error message
2020-12-16 14:48:34,445 __main__ CRITICAL critical failure
2020-12-16 14:48:35,449 __main__ DEBUG debug message
2020-12-16 14:48:35,450 __main__ INFO informational message
2020-12-16 14:48:35,450 __main__ WARNING warning
2020-12-16 14:48:35,450 __main__ ERROR error message
2020-12-16 14:48:35,450 __main__ CRITICAL critical failure
2020-12-16 14:48:36,453 __main__ DEBUG debug message
2020-12-16 14:48:36,453 __main__ INFO informational message
2020-12-16 14:48:36,454 __main__ WARNING warning
2020-12-16 14:48:36,454 __main__ ERROR error message
2020-12-16 14:48:36,454 __main__ CRITICAL critical failure
2020-12-16 14:48:37,456 __main__ DEBUG debug message
2020-12-16 14:48:37,457 __main__ INFO informational message
2020-12-16 14:48:37,457 __main__ WARNING warning
2020-12-16 14:48:37,457 __main__ ERROR error message
2020-12-16 14:48:37,457 __main__ CRITICAL critical failure
2020-12-16 14:48:38,463 __main__ DEBUG debug message
2020-12-16 14:48:38,463 __main__ INFO informational message
2020-12-16 14:48:38,463 __main__ WARNING warning
2020-12-16 14:48:38,463 __main__ ERROR error message
2020-12-16 14:48:38,463 __main__ CRITICAL critical failure
2020-12-16 14:48:39,467 __main__ DEBUG debug message
2020-12-16 14:48:39,467 __main__ INFO informational message
2020-12-16 14:48:39,468 __main__ WARNING warning
2020-12-16 14:48:39,468 __main__ ERROR error message
2020-12-16 14:48:39,468 __main__ CRITICAL critical failure
2020-12-16 14:48:40,468 __main__ DEBUG debug message
2020-12-16 14:48:40,469 __main__ INFO informational message
2020-12-16 14:48:40,469 __main__ WARNING warning
2020-12-16 14:48:40,469 __main__ ERROR error message
2020-12-16 14:48:40,469 __main__ CRITICAL critical failure
2020-12-16 14:48:41,473 __main__ DEBUG debug message
2020-12-16 14:48:41,473 __main__ INFO informational message
2020-12-16 14:48:41,474 __main__ WARNING warning
2020-12-16 14:48:41,474 __main__ ERROR error message
2020-12-16 14:48:41,474 __main__ CRITICAL critical failure
2020-12-16 14:48:42,479 __main__ DEBUG debug message
2020-12-16 14:48:42,479 __main__ INFO informational message
2020-12-16 14:48:42,479 __main__ WARNING warning
2020-12-16 14:48:42,479 __main__ ERROR error message
2020-12-16 14:48:42,480 __main__ CRITICAL critical failure
2020-12-16 14:48:43,481 __main__ DEBUG debug message
2020-12-16 14:48:43,482 __main__ INFO informational message
2020-12-16 14:48:43,484 __main__ WARNING warning
2020-12-16 14:48:43,484 __main__ ERROR error message
2020-12-16 14:48:43,484 __main__ CRITICAL critical failure
2020-12-16 14:48:44,487 __main__ DEBUG debug message
2020-12-16 14:48:44,487 __main__ INFO informational message
2020-12-16 14:48:44,487 __main__ WARNING warning
2020-12-16 14:48:44,487 __main__ ERROR error message
2020-12-16 14:48:44,487 __main__ CRITICAL critical failure
2020-12-16 14:48:45,491 __main__ DEBUG debug message
2020-12-16 14:48:45,492 __main__ INFO informational message
2020-12-16 14:48:45,492 __main__ WARNING warning
2020-12-16 14:48:45,492 __main__ ERROR error message
2020-12-16 14:48:45,492 __main__ CRITICAL critical failure
2020-12-16 14:48:46,496 __main__ DEBUG debug message
2020-12-16 14:48:46,497 __main__ INFO informational message
2020-12-16 14:48:46,497 __main__ WARNING warning
2020-12-16 14:48:46,497 __main__ ERROR error message
2020-12-16 14:48:46,497 __main__ CRITICAL critical failure
2020-12-16 14:48:47,502 __main__ DEBUG debug message
2020-12-16 14:48:47,502 __main__ INFO informational message
2020-12-16 14:48:47,502 __main__ WARNING warning
2020-12-16 14:48:47,502 __main__ ERROR error message
2020-12-16 14:48:47,502 __main__ CRITICAL critical failure
2020-12-16 14:48:48,508 __main__ DEBUG debug message
2020-12-16 14:48:48,508 __main__ INFO informational message
2020-12-16 14:48:48,509 __main__ WARNING warning
2020-12-16 14:48:48,509 __main__ ERROR error message
2020-12-16 14:48:48,509 __main__ CRITICAL critical failure
2020-12-16 14:48:49,513 __main__ DEBUG debug message
2020-12-16 14:48:49,514 __main__ INFO informational message
2020-12-16 14:48:49,514 __main__ WARNING warning
2020-12-16 14:48:49,514 __main__ ERROR error message
2020-12-16 14:48:49,514 __main__ CRITICAL critical failure
2020-12-16 14:48:50,527 __main__ DEBUG debug message
2020-12-16 14:48:50,528 __main__ INFO informational message
2020-12-16 14:48:50,528 __main__ WARNING warning
2020-12-16 14:48:50,528 __main__ ERROR error message
2020-12-16 14:48:50,528 __main__ CRITICAL critical failure
2020-12-16 14:48:51,529 __main__ DEBUG debug message
2020-12-16 14:48:51,530 __main__ INFO informational message
2020-12-16 14:48:51,530 __main__ WARNING warning
2020-12-16 14:48:51,530 __main__ ERROR error message
2020-12-16 14:48:51,530 __main__ CRITICAL critical failure
2020-12-16 14:48:52,535 __main__ DEBUG debug message
2020-12-16 14:48:52,536 __main__ INFO informational message
2020-12-16 14:48:52,536 __main__ WARNING warning
2020-12-16 14:48:52,536 __main__ ERROR error message
2020-12-16 14:48:52,536 __main__ CRITICAL critical failure
2020-12-16 14:48:53,540 __main__ DEBUG debug message
2020-12-16 14:48:53,541 __main__ INFO informational message
2020-12-16 14:48:53,541 __main__ WARNING warning
2020-12-16 14:48:53,541 __main__ ERROR error message
2020-12-16 14:48:53,541 __main__ CRITICAL critical failure
2020-12-16 14:48:54,544 __main__ DEBUG debug message
2020-12-16 14:48:54,544 __main__ INFO informational message
2020-12-16 14:48:54,545 __main__ WARNING warning
2020-12-16 14:48:54,545 __main__ ERROR error message
2020-12-16 14:48:54,545 __main__ CRITICAL critical failure
2020-12-16 14:48:55,546 __main__ DEBUG debug message
2020-12-16 14:48:55,546 __main__ INFO informational message
2020-12-16 14:48:55,547 __main__ WARNING warning
2020-12-16 14:48:55,547 __main__ ERROR error message
2020-12-16 14:48:55,547 __main__ CRITICAL critical failure
2020-12-16 14:48:56,552 __main__ DEBUG debug message
2020-12-16 14:48:56,553 __main__ INFO informational message
2020-12-16 14:48:56,553 __main__ WARNING warning
2020-12-16 14:48:56,553 __main__ ERROR error message
2020-12-16 14:48:56,553 __main__ CRITICAL critical failure
2020-12-16 14:48:57,554 __main__ DEBUG debug message
2020-12-16 14:48:57,555 __main__ INFO informational message
2020-12-16 14:48:57,555 __main__ WARNING warning
2020-12-16 14:48:57,555 __main__ ERROR error message
2020-12-16 14:48:57,555 __main__ CRITICAL critical failure
2020-12-16 14:48:58,560 __main__ DEBUG debug message
2020-12-16 14:48:58,561 __main__ INFO informational message
2020-12-16 14:48:58,561 __main__ WARNING warning
2020-12-16 14:48:58,561 __main__ ERROR error message
2020-12-16 14:48:58,561 __main__ CRITICAL critical failure
2020-12-16 14:48:59,562 __main__ DEBUG debug message
2020-12-16 14:48:59,562 __main__ INFO informational message
2020-12-16 14:48:59,562 __main__ WARNING warning
2020-12-16 14:48:59,563 __main__ ERROR error message
2020-12-16 14:48:59,563 __main__ CRITICAL critical failure
2020-12-16 14:49:00,563 __main__ DEBUG debug message
2020-12-16 14:49:00,564 __main__ INFO informational message
2020-12-16 14:49:00,564 __main__ WARNING warning
2020-12-16 14:49:00,564 __main__ ERROR error message
2020-12-16 14:49:00,564 __main__ CRITICAL critical failure
2020-12-16 14:49:01,568 __main__ DEBUG debug message
2020-12-16 14:49:01,568 __main__ INFO informational message
2020-12-16 14:49:01,568 __main__ WARNING warning
2020-12-16 14:49:01,569 __main__ ERROR error message
2020-12-16 14:49:01,569 __main__ CRITICAL critical failure
2020-12-16 14:49:02,573 __main__ DEBUG debug message
2020-12-16 14:49:02,573 __main__ INFO informational message
2020-12-16 14:49:02,573 __main__ WARNING warning
2020-12-16 14:49:02,573 __main__ ERROR error message
2020-12-16 14:49:02,573 __main__ CRITICAL critical failure
